<?xml version="1.0" encoding="UTF-8"?>
<!-- Generated by org.testng.reporters.JUnitReportReporter -->
<testsuite hostname="Faiaz" failures="0" tests="3" name="A02CrossBrowser.crossBrowserTestA02" time="117.411" errors="0" timestamp="2024-04-24T23:44:03 IST" skipped="0">
  <testcase classname="A02CrossBrowser.crossBrowserTestA02" name="CBTest" time="40.614"/>
  <system-out/>
  <testcase classname="A02CrossBrowser.crossBrowserTestA02" name="CBTest" time="41.961"/>
  <system-out/>
  <testcase classname="A02CrossBrowser.crossBrowserTestA02" name="CBTest" time="34.836"/>
  <system-out/>
</testsuite> <!-- A02CrossBrowser.crossBrowserTestA02 -->
