<?xml version="1.0" encoding="UTF-8"?>
<!-- Generated by org.testng.reporters.JUnitReportReporter -->
<testsuite hostname="Faiaz" failures="0" tests="3" name="A02CrossBrowser.crossBrowserTestA02" time="380.314" errors="0" timestamp="2024-05-08T22:23:32 IST" skipped="0">
  <testcase classname="A02CrossBrowser.crossBrowserTestA02" name="CBTest" time="170.406"/>
  <system-out/>
  <testcase classname="A02CrossBrowser.crossBrowserTestA02" name="CBTest" time="175.547"/>
  <system-out/>
  <testcase classname="A02CrossBrowser.crossBrowserTestA02" name="CBTest" time="34.361"/>
  <system-out/>
</testsuite> <!-- A02CrossBrowser.crossBrowserTestA02 -->
